<?xml version="1.0" encoding="UTF-8"?>
<testsuite xmlns:xsi="http://www.w3.org/2001/XMLSchema-instance" xsi:noNamespaceSchemaLocation="https://maven.apache.org/surefire/maven-surefire-plugin/xsd/surefire-test-report-3.0.xsd" version="3.0" name="TowerPuzzleModelTest" time="0.1" tests="10" errors="0" skipped="0" failures="0">
  <properties>
    <property name="java.specification.version" value="21"/>
    <property name="sun.jnu.encoding" value="UTF-8"/>
    <property name="java.class.path" value="/Users/fanni/Documents/szf/tower_game_project_ofanni/target/test-classes:/Users/fanni/Documents/szf/tower_game_project_ofanni/target/classes:/Users/fanni/.m2/repository/hu/unideb/inf/homework-project-utils/1.0.0/homework-project-utils-1.0.0.jar:/Users/fanni/.m2/repository/org/openjfx/javafx-base/22.0.1/javafx-base-22.0.1.jar:/Users/fanni/.m2/repository/org/openjfx/javafx-base/22.0.1/javafx-base-22.0.1-mac-aarch64.jar:/Users/fanni/.m2/repository/org/projectlombok/lombok/1.18.32/lombok-1.18.32.jar:/Users/fanni/.m2/repository/org/openjfx/javafx-controls/22.0.1/javafx-controls-22.0.1.jar:/Users/fanni/.m2/repository/org/openjfx/javafx-controls/22.0.1/javafx-controls-22.0.1-mac-aarch64.jar:/Users/fanni/.m2/repository/org/openjfx/javafx-graphics/22.0.1/javafx-graphics-22.0.1.jar:/Users/fanni/.m2/repository/org/openjfx/javafx-graphics/22.0.1/javafx-graphics-22.0.1-mac-aarch64.jar:/Users/fanni/.m2/repository/org/openjfx/javafx-fxml/22.0.1/javafx-fxml-22.0.1.jar:/Users/fanni/.m2/repository/org/openjfx/javafx-fxml/22.0.1/javafx-fxml-22.0.1-mac-aarch64.jar:/Users/fanni/.m2/repository/org/junit/jupiter/junit-jupiter-engine/5.10.2/junit-jupiter-engine-5.10.2.jar:/Users/fanni/.m2/repository/org/junit/platform/junit-platform-engine/1.10.2/junit-platform-engine-1.10.2.jar:/Users/fanni/.m2/repository/org/opentest4j/opentest4j/1.3.0/opentest4j-1.3.0.jar:/Users/fanni/.m2/repository/org/junit/platform/junit-platform-commons/1.10.2/junit-platform-commons-1.10.2.jar:/Users/fanni/.m2/repository/org/junit/jupiter/junit-jupiter-api/5.10.2/junit-jupiter-api-5.10.2.jar:/Users/fanni/.m2/repository/org/apiguardian/apiguardian-api/1.1.2/apiguardian-api-1.1.2.jar:/Users/fanni/.m2/repository/org/tinylog/tinylog-api/2.3.1/tinylog-api-2.3.1.jar:/Users/fanni/.m2/repository/org/tinylog/tinylog-impl/2.3.1/tinylog-impl-2.3.1.jar:/Users/fanni/.m2/repository/org/codehaus/mojo/animal-sniffer-annotations/1.18/animal-sniffer-annotations-1.18.jar:"/>
    <property name="java.vm.vendor" value="Oracle Corporation"/>
    <property name="sun.arch.data.model" value="64"/>
    <property name="java.vendor.url" value="https://java.oracle.com/"/>
    <property name="os.name" value="Mac OS X"/>
    <property name="java.vm.specification.version" value="21"/>
    <property name="sun.java.launcher" value="SUN_STANDARD"/>
    <property name="user.country" value="HU"/>
    <property name="sun.boot.library.path" value="/Users/fanni/.sdkman/candidates/java/21.0.2-open/lib"/>
    <property name="sun.java.command" value="/Users/fanni/Documents/szf/tower_game_project_ofanni/target/surefire/surefirebooter-20240613113432933_3.jar /Users/fanni/Documents/szf/tower_game_project_ofanni/target/surefire 2024-06-13T11-34-32_857-jvmRun1 surefire-20240613113432933_1tmp surefire_0-20240613113432933_2tmp"/>
    <property name="http.nonProxyHosts" value="local|*.local|169.254/16|*.169.254/16"/>
    <property name="jdk.debug" value="release"/>
    <property name="surefire.test.class.path" value="/Users/fanni/Documents/szf/tower_game_project_ofanni/target/test-classes:/Users/fanni/Documents/szf/tower_game_project_ofanni/target/classes:/Users/fanni/.m2/repository/hu/unideb/inf/homework-project-utils/1.0.0/homework-project-utils-1.0.0.jar:/Users/fanni/.m2/repository/org/openjfx/javafx-base/22.0.1/javafx-base-22.0.1.jar:/Users/fanni/.m2/repository/org/openjfx/javafx-base/22.0.1/javafx-base-22.0.1-mac-aarch64.jar:/Users/fanni/.m2/repository/org/projectlombok/lombok/1.18.32/lombok-1.18.32.jar:/Users/fanni/.m2/repository/org/openjfx/javafx-controls/22.0.1/javafx-controls-22.0.1.jar:/Users/fanni/.m2/repository/org/openjfx/javafx-controls/22.0.1/javafx-controls-22.0.1-mac-aarch64.jar:/Users/fanni/.m2/repository/org/openjfx/javafx-graphics/22.0.1/javafx-graphics-22.0.1.jar:/Users/fanni/.m2/repository/org/openjfx/javafx-graphics/22.0.1/javafx-graphics-22.0.1-mac-aarch64.jar:/Users/fanni/.m2/repository/org/openjfx/javafx-fxml/22.0.1/javafx-fxml-22.0.1.jar:/Users/fanni/.m2/repository/org/openjfx/javafx-fxml/22.0.1/javafx-fxml-22.0.1-mac-aarch64.jar:/Users/fanni/.m2/repository/org/junit/jupiter/junit-jupiter-engine/5.10.2/junit-jupiter-engine-5.10.2.jar:/Users/fanni/.m2/repository/org/junit/platform/junit-platform-engine/1.10.2/junit-platform-engine-1.10.2.jar:/Users/fanni/.m2/repository/org/opentest4j/opentest4j/1.3.0/opentest4j-1.3.0.jar:/Users/fanni/.m2/repository/org/junit/platform/junit-platform-commons/1.10.2/junit-platform-commons-1.10.2.jar:/Users/fanni/.m2/repository/org/junit/jupiter/junit-jupiter-api/5.10.2/junit-jupiter-api-5.10.2.jar:/Users/fanni/.m2/repository/org/apiguardian/apiguardian-api/1.1.2/apiguardian-api-1.1.2.jar:/Users/fanni/.m2/repository/org/tinylog/tinylog-api/2.3.1/tinylog-api-2.3.1.jar:/Users/fanni/.m2/repository/org/tinylog/tinylog-impl/2.3.1/tinylog-impl-2.3.1.jar:/Users/fanni/.m2/repository/org/codehaus/mojo/animal-sniffer-annotations/1.18/animal-sniffer-annotations-1.18.jar:"/>
    <property name="sun.cpu.endian" value="little"/>
    <property name="user.home" value="/Users/fanni"/>
    <property name="user.language" value="hu"/>
    <property name="java.specification.vendor" value="Oracle Corporation"/>
    <property name="java.version.date" value="2024-01-16"/>
    <property name="java.home" value="/Users/fanni/.sdkman/candidates/java/21.0.2-open"/>
    <property name="file.separator" value="/"/>
    <property name="basedir" value="/Users/fanni/Documents/szf/tower_game_project_ofanni"/>
    <property name="java.vm.compressedOopsMode" value="Zero based"/>
    <property name="line.separator" value="&#10;"/>
    <property name="java.vm.specification.vendor" value="Oracle Corporation"/>
    <property name="java.specification.name" value="Java Platform API Specification"/>
    <property name="apple.awt.application.name" value="ForkedBooter"/>
    <property name="surefire.real.class.path" value="/Users/fanni/Documents/szf/tower_game_project_ofanni/target/surefire/surefirebooter-20240613113432933_3.jar"/>
    <property name="sun.management.compiler" value="HotSpot 64-Bit Tiered Compilers"/>
    <property name="ftp.nonProxyHosts" value="local|*.local|169.254/16|*.169.254/16"/>
    <property name="java.runtime.version" value="21.0.2+13-58"/>
    <property name="user.name" value="fanni"/>
    <property name="stdout.encoding" value="UTF-8"/>
    <property name="path.separator" value=":"/>
    <property name="os.version" value="14.1"/>
    <property name="java.runtime.name" value="OpenJDK Runtime Environment"/>
    <property name="file.encoding" value="UTF-8"/>
    <property name="java.vm.name" value="OpenJDK 64-Bit Server VM"/>
    <property name="localRepository" value="/Users/fanni/.m2/repository"/>
    <property name="java.vendor.url.bug" value="https://bugreport.java.com/bugreport/"/>
    <property name="java.io.tmpdir" value="/var/folders/49/rgk8m2hx74q4yww7x3htfx3r0000gn/T/"/>
    <property name="java.version" value="21.0.2"/>
    <property name="user.dir" value="/Users/fanni/Documents/szf/tower_game_project_ofanni"/>
    <property name="os.arch" value="aarch64"/>
    <property name="java.vm.specification.name" value="Java Virtual Machine Specification"/>
    <property name="native.encoding" value="UTF-8"/>
    <property name="java.library.path" value="/Users/fanni/Library/Java/Extensions:/Library/Java/Extensions:/Network/Library/Java/Extensions:/System/Library/Java/Extensions:/usr/lib/java:."/>
    <property name="java.vm.info" value="mixed mode, sharing"/>
    <property name="stderr.encoding" value="UTF-8"/>
    <property name="java.vendor" value="Oracle Corporation"/>
    <property name="java.vm.version" value="21.0.2+13-58"/>
    <property name="sun.io.unicode.encoding" value="UnicodeBig"/>
    <property name="socksNonProxyHosts" value="local|*.local|169.254/16|*.169.254/16"/>
    <property name="java.class.version" value="65.0"/>
  </properties>
  <testcase name="testGetLegalMoves" classname="TowerPuzzleModelTest" time="0.038"/>
  <testcase name="testIsLegalMove" classname="TowerPuzzleModelTest" time="0.004"/>
  <testcase name="testClone" classname="TowerPuzzleModelTest" time="0.007">
    <system-out><![CDATA[TowerPuzzleModel{
E0	E0	E0	
E0	E0	E0	
E0	E0	E0	
E0	E0	E0	
E0	B1	E0	
B2	R2	E0	
R3	B3	E0	
B4	R4	R1	

]]></system-out>
  </testcase>
  <testcase name="testIsLegalToMoveFrom" classname="TowerPuzzleModelTest" time="0.001"/>
  <testcase name="testDiskProperty" classname="TowerPuzzleModelTest" time="0.001"/>
  <testcase name="testGetTopDisks" classname="TowerPuzzleModelTest" time="0.002"/>
  <testcase name="testIsSolved" classname="TowerPuzzleModelTest" time="0.001"/>
  <testcase name="testInitialSetup" classname="TowerPuzzleModelTest" time="0.001"/>
  <testcase name="testMakeMove" classname="TowerPuzzleModelTest" time="0.001">
    <system-out><![CDATA[TowerPuzzleModel{
E0	E0	E0	
E0	E0	E0	
E0	E0	E0	
E0	E0	E0	
E0	B1	E0	
B2	R2	E0	
R3	B3	E0	
B4	R4	R1	

]]></system-out>
  </testcase>
  <testcase name="testEqualsAndHashCode" classname="TowerPuzzleModelTest" time="0.001"/>
</testsuite>